
171203 14:06:19 [Warning] Using unique option prefix myisam-recover instead of myisam-recover-options is deprecated and will be removed in a future release. Please use the full name instead.
171203 14:06:19 [Note] Plugin 'FEDERATED' is disabled.
171203 14:06:19 InnoDB: The InnoDB memory heap is disabled
171203 14:06:19 InnoDB: Mutexes and rw_locks use GCC atomic builtins
171203 14:06:19 InnoDB: Compressed tables use zlib 1.2.8
171203 14:06:19 InnoDB: Using Linux native AIO
171203 14:06:19 InnoDB: Initializing buffer pool, size = 8.0M
171203 14:06:19 InnoDB: Completed initialization of buffer pool
171203 14:06:19 InnoDB: highest supported file format is Barracuda.
171203 14:06:19  InnoDB: Waiting for the background threads to start
171203 14:06:20 InnoDB: 5.5.55 started; log sequence number 1595675
171203 14:06:20 [Note] Server hostname (bind-address): '0.0.0.0'; port: 3306
171203 14:06:20 [Note]   - '0.0.0.0' resolves to '0.0.0.0';
171203 14:06:20 [Note] Server socket created on IP: '0.0.0.0'.
171203 14:06:20 [ERROR] /usr/sbin/mysqld: Table './mysql/user' is marked as crashed and should be repaired
171203 14:06:20 [Warning] Checking table:   './mysql/user'
171203 14:06:20 [ERROR] 1 client is using or hasn't closed the table properly
171203 14:06:20 [Note] Event Scheduler: Loaded 0 events
171203 14:06:20 [Note] /usr/sbin/mysqld: ready for connections.
Version: '5.5.55-0+deb8u1'  socket: '/var/run/mysqld/mysqld.sock'  port: 3306  (Debian)
171203 14:34:01 [Warning] Using unique option prefix myisam-recover instead of myisam-recover-options is deprecated and will be removed in a future release. Please use the full name instead.
171203 14:34:01 [Note] Plugin 'FEDERATED' is disabled.
171203 14:34:01 InnoDB: The InnoDB memory heap is disabled
171203 14:34:01 InnoDB: Mutexes and rw_locks use GCC atomic builtins
171203 14:34:01 InnoDB: Compressed tables use zlib 1.2.8
171203 14:34:01 InnoDB: Using Linux native AIO
171203 14:34:01 InnoDB: Initializing buffer pool, size = 8.0M
171203 14:34:01 InnoDB: Completed initialization of buffer pool
171203 14:34:01 InnoDB: highest supported file format is Barracuda.
InnoDB: The log sequence number in ibdata files does not match
InnoDB: the log sequence number in the ib_logfiles!
171203 14:34:01  InnoDB: Database was not shut down normally!
InnoDB: Starting crash recovery.
InnoDB: Reading tablespace information from the .ibd files...
InnoDB: Restoring possible half-written data pages from the doublewrite
InnoDB: buffer...
171203 14:34:01  InnoDB: Waiting for the background threads to start
171203 14:34:02 InnoDB: 5.5.55 started; log sequence number 2875364
171203 14:34:02 [Note] Server hostname (bind-address): '0.0.0.0'; port: 3306
171203 14:34:02 [Note]   - '0.0.0.0' resolves to '0.0.0.0';
171203 14:34:02 [Note] Server socket created on IP: '0.0.0.0'.
171203 14:34:02 [ERROR] /usr/sbin/mysqld: Table './mysql/user' is marked as crashed and should be repaired
171203 14:34:02 [Warning] Checking table:   './mysql/user'
171203 14:34:02 [ERROR] 1 client is using or hasn't closed the table properly
171203 14:34:02 [Note] Event Scheduler: Loaded 0 events
171203 14:34:02 [Note] /usr/sbin/mysqld: ready for connections.
Version: '5.5.55-0+deb8u1'  socket: '/var/run/mysqld/mysqld.sock'  port: 3306  (Debian)
